<?xml version="1.0" encoding="UTF-8"?>
<beans xmlns="http://www.springframework.org/schema/beans"
	xmlns:xsi="http://www.w3.org/2001/XMLSchema-instance" xmlns:context="http://www.springframework.org/schema/context"
	xmlns:aop="http://www.springframework.org/schema/aop"
	xsi:schemaLocation="http://www.springframework.org/schema/aop http://www.springframework.org/schema/aop/spring-aop-3.2.xsd
		http://www.springframework.org/schema/beans http://www.springframework.org/schema/beans/spring-beans.xsd
		http://www.springframework.org/schema/context http://www.springframework.org/schema/context/spring-context-3.2.xsd">

	<!-- Root Context: defines shared resources visible to all other web components -->
	<context:annotation-config />
	<context:component-scan base-package="com.nasdaqomx.test.web" />
	<bean class="com.nasdaqomx.test.testlink.TestLinkService" scope="request">
		<aop:scoped-proxy proxy-target-class="true" />
	</bean>
	<bean class="com.nasdaqomx.test.selenium.base.TestService">
	</bean>
	<bean class="com.nasdaqomx.test.selenium.base.job.TestJobManager">
	</bean>

	<bean class="com.nasdaqomx.test.selenium.base.TestUtils"></bean>
	<bean
		class="com.nasdaqomx.test.selenium.testcase.ldapconfig.utils.LdapEmailService"
		scope="prototype">
		<constructor-arg name="host" value="outlook-au.nasdaqomx.com" />
		<constructor-arg name="username" value="ORG\\autsmb" />
		<constructor-arg name="password" value="87TrW34Xv7" />
	</bean>

</beans>
