<?xml version="1.0" encoding="UTF-8"?>
<beans xmlns="http://www.springframework.org/schema/beans"
	xmlns:xsi="http://www.w3.org/2001/XMLSchema-instance"
	xmlns:context="http://www.springframework.org/schema/context"
	xmlns:aop="http://www.springframework.org/schema/aop"
	xsi:schemaLocation="http://www.springframework.org/schema/aop http://www.springframework.org/schema/aop/spring-aop-3.2.xsd
		http://www.springframework.org/schema/beans http://www.springframework.org/schema/beans/spring-beans.xsd
		http://www.springframework.org/schema/context http://www.springframework.org/schema/context/spring-context-3.2.xsd">

	<!-- Root Context: defines shared resources visible to all other web components -->
	<context:annotation-config />
	<context:component-scan base-package="com.nasdaqomx.test" />
	<bean class="com.nasdaqomx.test.testlink.TestLinkService">
		<property name="url"
			value="http://au03smbcqa02.dev.smbc.nasdaqomx.com/testlink/lib/api/xmlrpc/v1/xmlrpc.php" />
		<property name="devKey" value="6ab4b64c40af9cb23d72a1f25885b9f2" />
		<property name="automationKeyFieldName" value="Automation Key" />
		<property name="inputDataFieldName" value="Input Data" />
		<property name="outputDataFieldName" value="Output Data" />
		<property name="overwriteTestResult" value="true" />
	</bean>
	<bean class="com.nasdaqomx.selenium.test.base.TestService">
		<aop:scoped-proxy proxy-target-class="true" />
		<property name="chromeDriver" value="C:\\Work\\automation2\\chromedriver.exe" />
		<property name="defaultWait" value="30" />
		<property name="presentWait" value="10" />
	</bean>
</beans>
