<?xml version="1.0" encoding="UTF-8"?>
<beans xmlns="http://www.springframework.org/schema/beans"
	xmlns:xsi="http://www.w3.org/2001/XMLSchema-instance" xmlns:context="http://www.springframework.org/schema/context"
	xsi:schemaLocation="http://www.springframework.org/schema/beans http://www.springframework.org/schema/beans/spring-beans.xsd
		http://www.springframework.org/schema/context http://www.springframework.org/schema/context/spring-context-3.2.xsd">

	<!-- Root Context: defines shared resources visible to all other web components -->
	<context:annotation-config />
	<context:component-scan base-package="com.nasdaqomx.ldapconfig.test" />
	<bean class="com.nasdaqomx.ldapconfig.test.testlink.TestLinkService">
		<property name="url"
			value="http://127.0.0.1/testlink/lib/api/xmlrpc/v1/xmlrpc.php" />
		<property name="devKey" value="6ab4b64c40af9cb23d72a1f25885b9f2" />
	</bean>
	<bean class="com.nasdaqomx.ldapconfig.test.base.TestService">
		<property name="prop">
			<props>
				<prop key="baseUrl">http://www.google.com</prop>
				<prop key="webdriver.chrome.driver">C:\\Program Files (x86)\\Google\\Chrome\\Application\\chromedriver.exe</prop>
				<prop key="defaultWait">30</prop>
				<prop key="presentWait">10</prop>
			</props>
		</property>
	</bean>
</beans>
